pygame 2.5.2 (SDL 2.28.3, Python 3.11.5)
Hello from the pygame community. https://www.pygame.org/contribute.html
1 th episode
2 th episode
3 th episode
4 th episode
5 th episode
6 th episode
7 th episode
8 th episode
9 th episode
10 th episode
11 th episode
12 th episode
13 th episode
14 th episode
15 th episode
16 th episode
17 th episode
18 th episode
19 th episode
20 th episode
[[[        -inf         -inf         -inf         -inf         -inf
           -inf         -inf         -inf]
  [ -5.217031    -4.68559     -4.68559     -4.0951      -3.439
    -3.439       -2.71        -3.439     ]
  [ -4.68559     -5.217031    -4.0951      -4.0951      -3.439
    -3.439       -2.71        -2.71      ]
  [ -4.68559     -4.68559     -4.0951      -4.0951      -3.439
    -2.71        -2.71        -1.9       ]
  [ -4.0951      -4.0951      -4.68559     -3.439       -2.71
    -1.9         -1.9         -1.        ]
  [ -3.439       -4.0951      -3.439       -3.439       -2.71
    -2.71        -1.9         -1.        ]
  [ -3.439       -4.0951      -4.0951      -4.0951      -2.71
    -1.9         -1.          79.1       ]
  [ -3.439       -3.439       -3.439       -3.439       -2.71
    -1.          -1.           0.        ]]

 [[ -5.6953279   -5.217031    -4.68559     -4.68559     -4.0951
    -3.439       -3.439       -3.439     ]
  [ -5.217031    -4.68559     -4.68559     -4.0951      37.3513931
    -2.71        -2.71        -2.71      ]
  [ -4.68559     -4.0951      -4.68559     -3.439       -3.439
    -3.439       54.9539      -1.9       ]
  [ -4.0951      -4.0951      -4.0951      -3.439       -3.439
    -2.71        -2.71        70.19      ]
  [ -4.0951      -4.0951      -4.0951      -3.439       -2.71
    -2.71        -1.9         79.1       ]
  [ -3.439       -4.0951      -3.439       -3.439       -2.71
    -1.9         79.1         89.        ]
  [ -2.71        -3.439       -3.439       -3.439       -2.71
    79.1          0.         100.        ]
  [        -inf         -inf         -inf         -inf         -inf
           -inf         -inf         -inf]]

 [[        -inf  -5.6953279   -5.217031    -4.0951      -3.439
    -3.439       -4.0951      -3.439     ]
  [        -inf  -4.68559     -4.68559     -4.0951      -3.439
    -2.71        -2.71        -3.439     ]
  [        -inf  -5.217031    -4.0951      -3.439       -3.439
    -2.71        -1.9         48.45851   ]
  [        -inf  -4.68559     -4.68559     -4.68559     -3.439
    -3.439       -2.71        -1.9       ]
  [        -inf  -4.0951      -3.439       -4.0951      -3.439
    -3.439       -2.71        -2.71      ]
  [        -inf  -4.0951      -4.0951      -4.0951      -3.439
    -2.71        -1.9         -1.9       ]
  [        -inf  -3.439       -4.0951      -3.439       -2.71
    -1.9         -1.9          0.        ]
  [        -inf  -2.71        -3.439       -3.439       -2.71
    -1.          -1.           0.        ]]

 [[ -5.217031    -4.68559     -4.0951      -3.439       -3.439
    -4.0951      -4.0951             -inf]
  [ -5.217031    -5.217031    -4.68559     32.61625379  -3.439
    -2.71        -3.439              -inf]
  [ -4.68559     -4.68559     -4.0951      37.3513931   42.612659
    48.45851     -2.71               -inf]
  [ -4.68559     -4.68559     -4.0951      -3.439       -2.71
    54.9539      62.171              -inf]
  [ -4.0951      -4.0951      -3.439       -2.71        -2.71
    -2.71        70.19               -inf]
  [ -4.0951      -4.0951      -4.0951      -3.439       -2.71
    -1.9         -1.9                -inf]
  [ -3.439       -4.0951      -3.439       -2.71        70.19
    -1.          89.                 -inf]
  [ -2.71        -3.439       -3.439       70.19        79.1
    89.         100.                 -inf]]]
